04-Jun-2018 18:13:19.313 INFO [main] org.apache.catalina.startup.VersionLoggerListener.log Server version:        Apache Tomcat/9.0.8
04-Jun-2018 18:13:19.316 INFO [main] org.apache.catalina.startup.VersionLoggerListener.log Server built:          Apr 27 2018 19:32:00 UTC
04-Jun-2018 18:13:19.316 INFO [main] org.apache.catalina.startup.VersionLoggerListener.log Server number:         9.0.8.0
04-Jun-2018 18:13:19.316 INFO [main] org.apache.catalina.startup.VersionLoggerListener.log OS Name:               Linux
04-Jun-2018 18:13:19.316 INFO [main] org.apache.catalina.startup.VersionLoggerListener.log OS Version:            2.6.32-042stab123.9
04-Jun-2018 18:13:19.316 INFO [main] org.apache.catalina.startup.VersionLoggerListener.log Architecture:          amd64
04-Jun-2018 18:13:19.316 INFO [main] org.apache.catalina.startup.VersionLoggerListener.log Java Home:             /usr/local/jdk/jre
04-Jun-2018 18:13:19.317 INFO [main] org.apache.catalina.startup.VersionLoggerListener.log JVM Version:           1.8.0_172-b11
04-Jun-2018 18:13:19.317 INFO [main] org.apache.catalina.startup.VersionLoggerListener.log JVM Vendor:            Oracle Corporation
04-Jun-2018 18:13:19.317 INFO [main] org.apache.catalina.startup.VersionLoggerListener.log CATALINA_BASE:         /home/mnm/Downloads/apache-tomcat-9.0.8
04-Jun-2018 18:13:19.317 INFO [main] org.apache.catalina.startup.VersionLoggerListener.log CATALINA_HOME:         /home/mnm/Downloads/apache-tomcat-9.0.8
04-Jun-2018 18:13:19.317 INFO [main] org.apache.catalina.startup.VersionLoggerListener.log Command line argument: -Djava.util.logging.config.file=/home/mnm/Downloads/apache-tomcat-9.0.8/conf/logging.properties
04-Jun-2018 18:13:19.317 INFO [main] org.apache.catalina.startup.VersionLoggerListener.log Command line argument: -Djava.util.logging.manager=org.apache.juli.ClassLoaderLogManager
04-Jun-2018 18:13:19.318 INFO [main] org.apache.catalina.startup.VersionLoggerListener.log Command line argument: -Djdk.tls.ephemeralDHKeySize=2048
04-Jun-2018 18:13:19.318 INFO [main] org.apache.catalina.startup.VersionLoggerListener.log Command line argument: -Djava.protocol.handler.pkgs=org.apache.catalina.webresources
04-Jun-2018 18:13:19.318 INFO [main] org.apache.catalina.startup.VersionLoggerListener.log Command line argument: -Dorg.apache.catalina.security.SecurityListener.UMASK=0027
04-Jun-2018 18:13:19.318 INFO [main] org.apache.catalina.startup.VersionLoggerListener.log Command line argument: -Dignore.endorsed.dirs=
04-Jun-2018 18:13:19.318 INFO [main] org.apache.catalina.startup.VersionLoggerListener.log Command line argument: -Dcatalina.base=/home/mnm/Downloads/apache-tomcat-9.0.8
04-Jun-2018 18:13:19.318 INFO [main] org.apache.catalina.startup.VersionLoggerListener.log Command line argument: -Dcatalina.home=/home/mnm/Downloads/apache-tomcat-9.0.8
04-Jun-2018 18:13:19.318 INFO [main] org.apache.catalina.startup.VersionLoggerListener.log Command line argument: -Djava.io.tmpdir=/home/mnm/Downloads/apache-tomcat-9.0.8/temp
04-Jun-2018 18:13:19.319 INFO [main] org.apache.catalina.core.AprLifecycleListener.lifecycleEvent The APR based Apache Tomcat Native library which allows optimal performance in production environments was not found on the java.library.path: [/usr/java/packages/lib/amd64:/usr/lib64:/lib64:/lib:/usr/lib]
04-Jun-2018 18:13:19.464 INFO [main] org.apache.coyote.AbstractProtocol.init Initializing ProtocolHandler ["http-nio-8080"]
04-Jun-2018 18:13:19.477 INFO [main] org.apache.tomcat.util.net.NioSelectorPool.getSharedSelector Using a shared selector for servlet write/read
04-Jun-2018 18:13:19.485 INFO [main] org.apache.coyote.AbstractProtocol.init Initializing ProtocolHandler ["ajp-nio-8009"]
04-Jun-2018 18:13:19.487 INFO [main] org.apache.tomcat.util.net.NioSelectorPool.getSharedSelector Using a shared selector for servlet write/read
04-Jun-2018 18:13:19.487 INFO [main] org.apache.catalina.startup.Catalina.load Initialization processed in 596 ms
04-Jun-2018 18:13:19.514 INFO [main] org.apache.catalina.core.StandardService.startInternal Starting service [Catalina]
04-Jun-2018 18:13:19.514 INFO [main] org.apache.catalina.core.StandardEngine.startInternal Starting Servlet Engine: Apache Tomcat/9.0.8
04-Jun-2018 18:13:19.537 INFO [main] org.apache.catalina.startup.HostConfig.deployWAR Deploying web application archive [/home/mnm/Downloads/apache-tomcat-9.0.8/webapps/ROOT.war]
04-Jun-2018 18:13:26.394 INFO [main] org.apache.jasper.servlet.TldScanner.scanJars At least one JAR was scanned for TLDs yet contained no TLDs. Enable debug logging for this logger for a complete list of JARs that were scanned but no TLDs were found in them. Skipping unneeded JARs during scanning can improve startup time and JSP compilation time.
Database was not normally closed: start recovery
Recovery completed
SLF4J: Class path contains multiple SLF4J bindings.
SLF4J: Found binding in [jar:file:/home/mnm/Downloads/apache-tomcat-9.0.8/webapps/ROOT/WEB-INF/lib/slf4j-jdk14-1.7.5.jar!/org/slf4j/impl/StaticLoggerBinder.class]
SLF4J: Found binding in [jar:file:/home/mnm/Downloads/apache-tomcat-9.0.8/webapps/ROOT/WEB-INF/lib/logback-classic-1.1.7.jar!/org/slf4j/impl/StaticLoggerBinder.class]
SLF4J: See http://www.slf4j.org/codes.html#multiple_bindings for an explanation.
SLF4J: Actual binding is of type [org.slf4j.impl.JDK14LoggerFactory]
04-Jun-2018 18:13:26.691 INFO [main] org.zkoss.zk.ui.http.WebManager.<init> Starting ZK 8.5.0 CE (build: 2017103111)
04-Jun-2018 18:13:26.712 INFO [main] org.zkoss.zk.ui.sys.ConfigParser.parseConfigXml Loading system default
04-Jun-2018 18:13:26.778 INFO [main] org.zkoss.zk.ui.sys.ConfigParser.parse Parsing file:/home/mnm/Downloads/apache-tomcat-9.0.8/webapps/ROOT/WEB-INF/classes/metainfo/zk/zk.xml
04-Jun-2018 18:13:26.784 INFO [main] org.zkoss.zk.ui.sys.ConfigParser.parse Parsing jar:file:/home/mnm/Downloads/apache-tomcat-9.0.8/webapps/ROOT/WEB-INF/lib/zul-8.5.0.jar!/metainfo/zk/zk.xml
04-Jun-2018 18:13:36.678 WARNING [main] org.apache.catalina.util.SessionIdGeneratorBase.createSecureRandom Creation of SecureRandom instance for session ID generation using [SHA1PRNG] took [9,269] milliseconds.
04-Jun-2018 18:13:36.707 INFO [main] jease.cms.web.filter.etag.ETagServletFilter.init ETagServletFilter contentTypeFilter = image/.*
04-Jun-2018 18:13:36.707 INFO [main] jease.cms.web.filter.etag.ETagServletFilter.init ETagServletFilter subPathFilter = .*/images/.*
04-Jun-2018 18:13:36.728 INFO [main] org.apache.catalina.startup.HostConfig.deployWAR Deployment of web application archive [/home/mnm/Downloads/apache-tomcat-9.0.8/webapps/ROOT.war] has finished in [17,191] ms
04-Jun-2018 18:13:36.731 INFO [main] org.apache.coyote.AbstractProtocol.start Starting ProtocolHandler ["http-nio-8080"]
04-Jun-2018 18:13:36.741 INFO [main] org.apache.coyote.AbstractProtocol.start Starting ProtocolHandler ["ajp-nio-8009"]
04-Jun-2018 18:13:36.744 INFO [main] org.apache.catalina.startup.Catalina.start Server startup in 17257 ms
04-Jun-2018 18:15:29.624 INFO [http-nio-8080-exec-8] jease.cms.web.filter.etag.ETagServletFilter.doFilter Response bytes length = 32681
04-Jun-2018 18:15:29.627 INFO [http-nio-8080-exec-8] jease.cms.web.filter.etag.ETagServletFilter.writeResp Sending response content, length = 32681
